<?xml version="1.0" encoding="UTF-8"?>
<testsuite xmlns:xsi="http://www.w3.org/2001/XMLSchema-instance" xsi:noNamespaceSchemaLocation="https://maven.apache.org/surefire/maven-surefire-plugin/xsd/surefire-test-report.xsd" version="3.0.2" name="TestSuite" time="20.562" tests="2" errors="0" skipped="0" failures="0" flakes="0">
  <properties>
[...]
</properties>
  <testcase name="verify_account_registration" classname="testCases.TC001_AccountRegistrationTest" time="2.425">
    <system-err><![CDATA[2026-04-22T05:00:59.902417600Z main INFO Starting configuration XmlConfiguration[location=C:\Users\2480247\IdeaProjects\Opencart\target\test-classes\log4j2.xml, lastModified=2026-04-20T16:40:58.321Z]...
2026-04-22T05:00:59.912980300Z main INFO Configuration XmlConfiguration[location=C:\Users\2480247\IdeaProjects\Opencart\target\test-classes\log4j2.xml, lastModified=2026-04-20T16:40:58.321Z] started.
2026-04-22T05:00:59.916430800Z main INFO Stopping configuration org.apache.logging.log4j.core.config.DefaultConfiguration@747f281...
2026-04-22T05:00:59.916430800Z main INFO Configuration org.apache.logging.log4j.core.config.DefaultConfiguration@747f281 stopped.
]]></system-err>
  </testcase>
  <testcase name="verify_login" classname="testCases.TC002_LoginTest" time="1.612"/>
</testsuite>