<?xml version="1.0" encoding="UTF-8"?>
<testng-results ignored="0" total="2" passed="2" failed="0" skipped="0">
  <reporter-output>
  </reporter-output>
  <suite started-at="2026-04-22T10:30:59 IST" name="Suite" finished-at="2026-04-22T10:31:19 IST" duration-ms="20030">
    <groups>
    </groups>
    <test started-at="2026-04-22T10:30:59 IST" name="Test" finished-at="2026-04-22T10:31:19 IST" duration-ms="20030">
      <class name="testCases.TC002_LoginTest">
        <test-method is-config="true" signature="setup(java.lang.String,java.lang.String)[pri:0, instance:testCases.TC002_LoginTest@5c5eefef]" started-at="2026-04-22T10:31:10 IST" name="setup" finished-at="2026-04-22T10:31:14 IST" duration-ms="3781" status="PASS">
          <params>
            <param index="0">
              <value>
                <![CDATA[Windows]]>
              </value>
            </param>
            <param index="1">
              <value>
                <![CDATA[edge]]>
              </value>
            </param>
          </params>
          <reporter-output>
          </reporter-output>
        </test-method> <!-- setup -->
        <test-method signature="verify_login()[pri:0, instance:testCases.TC002_LoginTest@5c5eefef]" started-at="2026-04-22T10:31:14 IST" name="verify_login" finished-at="2026-04-22T10:31:16 IST" duration-ms="1611" status="PASS">
          <reporter-output>
          </reporter-output>
        </test-method> <!-- verify_login -->
        <test-method is-config="true" signature="tearDown()[pri:0, instance:testCases.TC002_LoginTest@5c5eefef]" started-at="2026-04-22T10:31:16 IST" name="tearDown" finished-at="2026-04-22T10:31:19 IST" duration-ms="3238" status="PASS">
          <reporter-output>
          </reporter-output>
        </test-method> <!-- tearDown -->
      </class> <!-- testCases.TC002_LoginTest -->
      <class name="testCases.TC001_AccountRegistrationTest">
        <test-method is-config="true" signature="setup(java.lang.String,java.lang.String)[pri:0, instance:testCases.TC001_AccountRegistrationTest@515aebb0]" started-at="2026-04-22T10:30:59 IST" name="setup" finished-at="2026-04-22T10:31:05 IST" duration-ms="5570" status="PASS">
          <params>
            <param index="0">
              <value>
                <![CDATA[Windows]]>
              </value>
            </param>
            <param index="1">
              <value>
                <![CDATA[edge]]>
              </value>
            </param>
          </params>
          <reporter-output>
          </reporter-output>
        </test-method> <!-- setup -->
        <test-method signature="verify_account_registration()[pri:0, instance:testCases.TC001_AccountRegistrationTest@515aebb0]" started-at="2026-04-22T10:31:05 IST" name="verify_account_registration" finished-at="2026-04-22T10:31:07 IST" duration-ms="2426" status="PASS">
          <reporter-output>
          </reporter-output>
        </test-method> <!-- verify_account_registration -->
        <test-method is-config="true" signature="tearDown()[pri:0, instance:testCases.TC001_AccountRegistrationTest@515aebb0]" started-at="2026-04-22T10:31:07 IST" name="tearDown" finished-at="2026-04-22T10:31:10 IST" duration-ms="3352" status="PASS">
          <reporter-output>
          </reporter-output>
        </test-method> <!-- tearDown -->
      </class> <!-- testCases.TC001_AccountRegistrationTest -->
    </test> <!-- Test -->
  </suite> <!-- Suite -->
</testng-results>
