<?xml version="1.0" encoding="UTF-8"?>
<testng-results ignored="0" total="2" passed="2" failed="0" skipped="0">
  <reporter-output>
  </reporter-output>
  <suite started-at="2026-04-21T23:50:24 IST" name="Suite" finished-at="2026-04-21T23:50:48 IST" duration-ms="23529">
    <groups>
    </groups>
    <test started-at="2026-04-21T23:50:24 IST" name="Test" finished-at="2026-04-21T23:50:48 IST" duration-ms="23529">
      <class name="testCases.TC002_LoginTest">
        <test-method is-config="true" signature="setup(java.lang.String,java.lang.String)[pri:0, instance:testCases.TC002_LoginTest@5c5eefef]" started-at="2026-04-21T23:50:37 IST" name="setup" finished-at="2026-04-21T23:50:42 IST" duration-ms="5048" status="PASS">
          <params>
            <param index="0">
              <value>
                <![CDATA[Windows]]>
              </value>
            </param>
            <param index="1">
              <value>
                <![CDATA[edge]]>
              </value>
            </param>
          </params>
          <reporter-output>
          </reporter-output>
        </test-method> <!-- setup -->
        <test-method signature="verify_login()[pri:0, instance:testCases.TC002_LoginTest@5c5eefef]" started-at="2026-04-21T23:50:42 IST" name="verify_login" finished-at="2026-04-21T23:50:44 IST" duration-ms="1996" status="PASS">
          <reporter-output>
          </reporter-output>
        </test-method> <!-- verify_login -->
        <test-method is-config="true" signature="tearDown()[pri:0, instance:testCases.TC002_LoginTest@5c5eefef]" started-at="2026-04-21T23:50:44 IST" name="tearDown" finished-at="2026-04-21T23:50:48 IST" duration-ms="3633" status="PASS">
          <reporter-output>
          </reporter-output>
        </test-method> <!-- tearDown -->
      </class> <!-- testCases.TC002_LoginTest -->
      <class name="testCases.TC001_AccountRegistrationTest">
        <test-method is-config="true" signature="setup(java.lang.String,java.lang.String)[pri:0, instance:testCases.TC001_AccountRegistrationTest@515aebb0]" started-at="2026-04-21T23:50:24 IST" name="setup" finished-at="2026-04-21T23:50:30 IST" duration-ms="5648" status="PASS">
          <params>
            <param index="0">
              <value>
                <![CDATA[Windows]]>
              </value>
            </param>
            <param index="1">
              <value>
                <![CDATA[edge]]>
              </value>
            </param>
          </params>
          <reporter-output>
          </reporter-output>
        </test-method> <!-- setup -->
        <test-method signature="verify_account_registration()[pri:0, instance:testCases.TC001_AccountRegistrationTest@515aebb0]" started-at="2026-04-21T23:50:30 IST" name="verify_account_registration" finished-at="2026-04-21T23:50:34 IST" duration-ms="3499" status="PASS">
          <reporter-output>
          </reporter-output>
        </test-method> <!-- verify_account_registration -->
        <test-method is-config="true" signature="tearDown()[pri:0, instance:testCases.TC001_AccountRegistrationTest@515aebb0]" started-at="2026-04-21T23:50:34 IST" name="tearDown" finished-at="2026-04-21T23:50:37 IST" duration-ms="3680" status="PASS">
          <reporter-output>
          </reporter-output>
        </test-method> <!-- tearDown -->
      </class> <!-- testCases.TC001_AccountRegistrationTest -->
    </test> <!-- Test -->
  </suite> <!-- Suite -->
</testng-results>
